The system is: Linux - 5.3.6-arch1-1-ARCH - x86_64
Compiling the C compiler identification source file "CMakeCCompilerId.c" succeeded.
Compiler: /usr/bin/cc 
Build flags: 
Id flags:  

The output was:
0


Compilation of the C compiler identification source "CMakeCCompilerId.c" produced "a.out"

The C compiler identification is GNU, found in "/home/jim/college/graphics/build/CMakeFiles/3.15.4/CompilerIdC/a.out"

Compiling the CXX compiler identification source file "CMakeCXXCompilerId.cpp" succeeded.
Compiler: /usr/bin/c++ 
Build flags: 
Id flags:  

The output was:
0


Compilation of the CXX compiler identification source "CMakeCXXCompilerId.cpp" produced "a.out"

The CXX compiler identification is GNU, found in "/home/jim/college/graphics/build/CMakeFiles/3.15.4/CompilerIdCXX/a.out"

Determining if the C compiler works passed with the following output:
Change Dir: /home/jim/college/graphics/build/CMakeFiles/CMakeTmp

Run Build Command(s):/usr/bin/make cmTC_4c84b/fast && /usr/bin/make -f CMakeFiles/cmTC_4c84b.dir/build.make CMakeFiles/cmTC_4c84b.dir/build
make[1]: Entering directory '/home/jim/college/graphics/build/CMakeFiles/CMakeTmp'
Building C object CMakeFiles/cmTC_4c84b.dir/testCCompiler.c.o
/usr/bin/cc    -o CMakeFiles/cmTC_4c84b.dir/testCCompiler.c.o   -c /home/jim/college/graphics/build/CMakeFiles/CMakeTmp/testCCompiler.c
Linking C executable cmTC_4c84b
/usr/bin/cmake -E cmake_link_script CMakeFiles/cmTC_4c84b.dir/link.txt --verbose=1
/usr/bin/cc      -rdynamic CMakeFiles/cmTC_4c84b.dir/testCCompiler.c.o  -o cmTC_4c84b 
make[1]: Leaving directory '/home/jim/college/graphics/build/CMakeFiles/CMakeTmp'



Detecting C compiler ABI info compiled with the following output:
Change Dir: /home/jim/college/graphics/build/CMakeFiles/CMakeTmp

Run Build Command(s):/usr/bin/make cmTC_7e8ea/fast && /usr/bin/make -f CMakeFiles/cmTC_7e8ea.dir/build.make CMakeFiles/cmTC_7e8ea.dir/build
make[1]: Entering directory '/home/jim/college/graphics/build/CMakeFiles/CMakeTmp'
Building C object CMakeFiles/cmTC_7e8ea.dir/CMakeCCompilerABI.c.o
/usr/bin/cc   -v -o CMakeFiles/cmTC_7e8ea.dir/CMakeCCompilerABI.c.o   -c /usr/share/cmake-3.15/Modules/CMakeCCompilerABI.c
Using built-in specs.
COLLECT_GCC=/usr/bin/cc
Target: x86_64-pc-linux-gnu
Configured with: /build/gcc/src/gcc/configure --prefix=/usr --libdir=/usr/lib --libexecdir=/usr/lib --mandir=/usr/share/man --infodir=/usr/share/info --with-bugurl=https://bugs.archlinux.org/ --enable-languages=c,c++,ada,fortran,go,lto,objc,obj-c++ --enable-shared --enable-threads=posix --with-system-zlib --with-isl --enable-__cxa_atexit --disable-libunwind-exceptions --enable-clocale=gnu --disable-libstdcxx-pch --disable-libssp --enable-gnu-unique-object --enable-linker-build-id --enable-lto --enable-plugin --enable-install-libiberty --with-linker-hash-style=gnu --enable-gnu-indirect-function --enable-multilib --disable-werror --enable-checking=release --enable-default-pie --enable-default-ssp --enable-cet=auto
Thread model: posix
gcc version 9.2.0 (GCC) 
COLLECT_GCC_OPTIONS='-v' '-o' 'CMakeFiles/cmTC_7e8ea.dir/CMakeCCompilerABI.c.o' '-c' '-mtune=generic' '-march=x86-64'
 /usr/lib/gcc/x86_64-pc-linux-gnu/9.2.0/cc1 -quiet -v /usr/share/cmake-3.15/Modules/CMakeCCompilerABI.c -quiet -dumpbase CMakeCCompilerABI.c -mtune=generic -march=x86-64 -auxbase-strip CMakeFiles/cmTC_7e8ea.dir/CMakeCCompilerABI.c.o -version -o /tmp/ccL5tzjo.s
GNU C17 (GCC) version 9.2.0 (x86_64-pc-linux-gnu)
	compiled by GNU C version 9.2.0, GMP version 6.1.2, MPFR version 4.0.2, MPC version 1.1.0, isl version isl-0.21-GMP

GGC heuristics: --param ggc-min-expand=100 --param ggc-min-heapsize=131072
ignoring nonexistent directory "/usr/lib/gcc/x86_64-pc-linux-gnu/9.2.0/../../../../x86_64-pc-linux-gnu/include"
#include "..." search starts here:
#include <...> search starts here:
 /usr/lib/gcc/x86_64-pc-linux-gnu/9.2.0/include
 /usr/local/include
 /usr/lib/gcc/x86_64-pc-linux-gnu/9.2.0/include-fixed
 /usr/include
End of search list.
GNU C17 (GCC) version 9.2.0 (x86_64-pc-linux-gnu)
	compiled by GNU C version 9.2.0, GMP version 6.1.2, MPFR version 4.0.2, MPC version 1.1.0, isl version isl-0.21-GMP

GGC heuristics: --param ggc-min-expand=100 --param ggc-min-heapsize=131072
Compiler executable checksum: bd368b76ab739019a429680a646eea77
COLLECT_GCC_OPTIONS='-v' '-o' 'CMakeFiles/cmTC_7e8ea.dir/CMakeCCompilerABI.c.o' '-c' '-mtune=generic' '-march=x86-64'
 as -v --64 -o CMakeFiles/cmTC_7e8ea.dir/CMakeCCompilerABI.c.o /tmp/ccL5tzjo.s
GNU assembler version 2.32 (x86_64-pc-linux-gnu) using BFD version (GNU Binutils) 2.32
COMPILER_PATH=/usr/lib/gcc/x86_64-pc-linux-gnu/9.2.0/:/usr/lib/gcc/x86_64-pc-linux-gnu/9.2.0/:/usr/lib/gcc/x86_64-pc-linux-gnu/:/usr/lib/gcc/x86_64-pc-linux-gnu/9.2.0/:/usr/lib/gcc/x86_64-pc-linux-gnu/
LIBRARY_PATH=/usr/lib/gcc/x86_64-pc-linux-gnu/9.2.0/:/usr/lib/gcc/x86_64-pc-linux-gnu/9.2.0/../../../../lib/:/lib/../lib/:/usr/lib/../lib/:/usr/lib/gcc/x86_64-pc-linux-gnu/9.2.0/../../../:/lib/:/usr/lib/
COLLECT_GCC_OPTIONS='-v' '-o' 'CMakeFiles/cmTC_7e8ea.dir/CMakeCCompilerABI.c.o' '-c' '-mtune=generic' '-march=x86-64'
Linking C executable cmTC_7e8ea
/usr/bin/cmake -E cmake_link_script CMakeFiles/cmTC_7e8ea.dir/link.txt --verbose=1
/usr/bin/cc     -v -rdynamic CMakeFiles/cmTC_7e8ea.dir/CMakeCCompilerABI.c.o  -o cmTC_7e8ea 
Using built-in specs.
COLLECT_GCC=/usr/bin/cc
COLLECT_LTO_WRAPPER=/usr/lib/gcc/x86_64-pc-linux-gnu/9.2.0/lto-wrapper
Target: x86_64-pc-linux-gnu
Configured with: /build/gcc/src/gcc/configure --prefix=/usr --libdir=/usr/lib --libexecdir=/usr/lib --mandir=/usr/share/man --infodir=/usr/share/info --with-bugurl=https://bugs.archlinux.org/ --enable-languages=c,c++,ada,fortran,go,lto,objc,obj-c++ --enable-shared --enable-threads=posix --with-system-zlib --with-isl --enable-__cxa_atexit --disable-libunwind-exceptions --enable-clocale=gnu --disable-libstdcxx-pch --disable-libssp --enable-gnu-unique-object --enable-linker-build-id --enable-lto --enable-plugin --enable-install-libiberty --with-linker-hash-style=gnu --enable-gnu-indirect-function --enable-multilib --disable-werror --enable-checking=release --enable-default-pie --enable-default-ssp --enable-cet=auto
Thread model: posix
gcc version 9.2.0 (GCC) 
COMPILER_PATH=/usr/lib/gcc/x86_64-pc-linux-gnu/9.2.0/:/usr/lib/gcc/x86_64-pc-linux-gnu/9.2.0/:/usr/lib/gcc/x86_64-pc-linux-gnu/:/usr/lib/gcc/x86_64-pc-linux-gnu/9.2.0/:/usr/lib/gcc/x86_64-pc-linux-gnu/
LIBRARY_PATH=/usr/lib/gcc/x86_64-pc-linux-gnu/9.2.0/:/usr/lib/gcc/x86_64-pc-linux-gnu/9.2.0/../../../../lib/:/lib/../lib/:/usr/lib/../lib/:/usr/lib/gcc/x86_64-pc-linux-gnu/9.2.0/../../../:/lib/:/usr/lib/
COLLECT_GCC_OPTIONS='-v' '-rdynamic' '-o' 'cmTC_7e8ea' '-mtune=generic' '-march=x86-64'
 /usr/lib/gcc/x86_64-pc-linux-gnu/9.2.0/collect2 -plugin /usr/lib/gcc/x86_64-pc-linux-gnu/9.2.0/liblto_plugin.so -plugin-opt=/usr/lib/gcc/x86_64-pc-linux-gnu/9.2.0/lto-wrapper -plugin-opt=-fresolution=/tmp/ccVap3aN.res -plugin-opt=-pass-through=-lgcc -plugin-opt=-pass-through=-lgcc_s -plugin-opt=-pass-through=-lc -plugin-opt=-pass-through=-lgcc -plugin-opt=-pass-through=-lgcc_s --build-id --eh-frame-hdr --hash-style=gnu -m elf_x86_64 -export-dynamic -dynamic-linker /lib64/ld-linux-x86-64.so.2 -pie -o cmTC_7e8ea /usr/lib/gcc/x86_64-pc-linux-gnu/9.2.0/../../../../lib/Scrt1.o /usr/lib/gcc/x86_64-pc-linux-gnu/9.2.0/../../../../lib/crti.o /usr/lib/gcc/x86_64-pc-linux-gnu/9.2.0/crtbeginS.o -L/usr/lib/gcc/x86_64-pc-linux-gnu/9.2.0 -L/usr/lib/gcc/x86_64-pc-linux-gnu/9.2.0/../../../../lib -L/lib/../lib -L/usr/lib/../lib -L/usr/lib/gcc/x86_64-pc-linux-gnu/9.2.0/../../.. CMakeFiles/cmTC_7e8ea.dir/CMakeCCompilerABI.c.o -lgcc --push-state --as-needed -lgcc_s --pop-state -lc -lgcc --push-state --as-needed -lgcc_s --pop-state /usr/lib/gcc/x86_64-pc-linux-gnu/9.2.0/crtendS.o /usr/lib/gcc/x86_64-pc-linux-gnu/9.2.0/../../../../lib/crtn.o
COLLECT_GCC_OPTIONS='-v' '-rdynamic' '-o' 'cmTC_7e8ea' '-mtune=generic' '-march=x86-64'
make[1]: Leaving directory '/home/jim/college/graphics/build/CMakeFiles/CMakeTmp'



Parsed C implicit include dir info from above output: rv=done
  found start of include info
  found start of implicit include info
    add: [/usr/lib/gcc/x86_64-pc-linux-gnu/9.2.0/include]
    add: [/usr/local/include]
    add: [/usr/lib/gcc/x86_64-pc-linux-gnu/9.2.0/include-fixed]
    add: [/usr/include]
  end of search list found
  collapse include dir [/usr/lib/gcc/x86_64-pc-linux-gnu/9.2.0/include] ==> [/usr/lib/gcc/x86_64-pc-linux-gnu/9.2.0/include]
  collapse include dir [/usr/local/include] ==> [/usr/local/include]
  collapse include dir [/usr/lib/gcc/x86_64-pc-linux-gnu/9.2.0/include-fixed] ==> [/usr/lib/gcc/x86_64-pc-linux-gnu/9.2.0/include-fixed]
  collapse include dir [/usr/include] ==> [/usr/include]
  implicit include dirs: [/usr/lib/gcc/x86_64-pc-linux-gnu/9.2.0/include;/usr/local/include;/usr/lib/gcc/x86_64-pc-linux-gnu/9.2.0/include-fixed;/usr/include]


Parsed C implicit link information from above output:
  link line regex: [^( *|.*[/\])(ld|CMAKE_LINK_STARTFILE-NOTFOUND|([^/\]+-)?ld|collect2)[^/\]*( |$)]
  ignore line: [Change Dir: /home/jim/college/graphics/build/CMakeFiles/CMakeTmp]
  ignore line: []
  ignore line: [Run Build Command(s):/usr/bin/make cmTC_7e8ea/fast && /usr/bin/make -f CMakeFiles/cmTC_7e8ea.dir/build.make CMakeFiles/cmTC_7e8ea.dir/build]
  ignore line: [make[1]: Entering directory '/home/jim/college/graphics/build/CMakeFiles/CMakeTmp']
  ignore line: [Building C object CMakeFiles/cmTC_7e8ea.dir/CMakeCCompilerABI.c.o]
  ignore line: [/usr/bin/cc   -v -o CMakeFiles/cmTC_7e8ea.dir/CMakeCCompilerABI.c.o   -c /usr/share/cmake-3.15/Modules/CMakeCCompilerABI.c]
  ignore line: [Using built-in specs.]
  ignore line: [COLLECT_GCC=/usr/bin/cc]
  ignore line: [Target: x86_64-pc-linux-gnu]
  ignore line: [Configured with: /build/gcc/src/gcc/configure --prefix=/usr --libdir=/usr/lib --libexecdir=/usr/lib --mandir=/usr/share/man --infodir=/usr/share/info --with-bugurl=https://bugs.archlinux.org/ --enable-languages=c,c++,ada,fortran,go,lto,objc,obj-c++ --enable-shared --enable-threads=posix --with-system-zlib --with-isl --enable-__cxa_atexit --disable-libunwind-exceptions --enable-clocale=gnu --disable-libstdcxx-pch --disable-libssp --enable-gnu-unique-object --enable-linker-build-id --enable-lto --enable-plugin --enable-install-libiberty --with-linker-hash-style=gnu --enable-gnu-indirect-function --enable-multilib --disable-werror --enable-checking=release --enable-default-pie --enable-default-ssp --enable-cet=auto]
  ignore line: [Thread model: posix]
  ignore line: [gcc version 9.2.0 (GCC) ]
  ignore line: [COLLECT_GCC_OPTIONS='-v' '-o' 'CMakeFiles/cmTC_7e8ea.dir/CMakeCCompilerABI.c.o' '-c' '-mtune=generic' '-march=x86-64']
  ignore line: [ /usr/lib/gcc/x86_64-pc-linux-gnu/9.2.0/cc1 -quiet -v /usr/share/cmake-3.15/Modules/CMakeCCompilerABI.c -quiet -dumpbase CMakeCCompilerABI.c -mtune=generic -march=x86-64 -auxbase-strip CMakeFiles/cmTC_7e8ea.dir/CMakeCCompilerABI.c.o -version -o /tmp/ccL5tzjo.s]
  ignore line: [GNU C17 (GCC) version 9.2.0 (x86_64-pc-linux-gnu)]
  ignore line: [	compiled by GNU C version 9.2.0, GMP version 6.1.2, MPFR version 4.0.2, MPC version 1.1.0, isl version isl-0.21-GMP]
  ignore line: []
  ignore line: [GGC heuristics: --param ggc-min-expand=100 --param ggc-min-heapsize=131072]
  ignore line: [ignoring nonexistent directory "/usr/lib/gcc/x86_64-pc-linux-gnu/9.2.0/../../../../x86_64-pc-linux-gnu/include"]
  ignore line: [#include "..." search starts here:]
  ignore line: [#include <...> search starts here:]
  ignore line: [ /usr/lib/gcc/x86_64-pc-linux-gnu/9.2.0/include]
  ignore line: [ /usr/local/include]
  ignore line: [ /usr/lib/gcc/x86_64-pc-linux-gnu/9.2.0/include-fixed]
  ignore line: [ /usr/include]
  ignore line: [End of search list.]
  ignore line: [GNU C17 (GCC) version 9.2.0 (x86_64-pc-linux-gnu)]
  ignore line: [	compiled by GNU C version 9.2.0, GMP version 6.1.2, MPFR version 4.0.2, MPC version 1.1.0, isl version isl-0.21-GMP]
  ignore line: []
  ignore line: [GGC heuristics: --param ggc-min-expand=100 --param ggc-min-heapsize=131072]
  ignore line: [Compiler executable checksum: bd368b76ab739019a429680a646eea77]
  ignore line: [COLLECT_GCC_OPTIONS='-v' '-o' 'CMakeFiles/cmTC_7e8ea.dir/CMakeCCompilerABI.c.o' '-c' '-mtune=generic' '-march=x86-64']
  ignore line: [ as -v --64 -o CMakeFiles/cmTC_7e8ea.dir/CMakeCCompilerABI.c.o /tmp/ccL5tzjo.s]
  ignore line: [GNU assembler version 2.32 (x86_64-pc-linux-gnu) using BFD version (GNU Binutils) 2.32]
  ignore line: [COMPILER_PATH=/usr/lib/gcc/x86_64-pc-linux-gnu/9.2.0/:/usr/lib/gcc/x86_64-pc-linux-gnu/9.2.0/:/usr/lib/gcc/x86_64-pc-linux-gnu/:/usr/lib/gcc/x86_64-pc-linux-gnu/9.2.0/:/usr/lib/gcc/x86_64-pc-linux-gnu/]
  ignore line: [LIBRARY_PATH=/usr/lib/gcc/x86_64-pc-linux-gnu/9.2.0/:/usr/lib/gcc/x86_64-pc-linux-gnu/9.2.0/../../../../lib/:/lib/../lib/:/usr/lib/../lib/:/usr/lib/gcc/x86_64-pc-linux-gnu/9.2.0/../../../:/lib/:/usr/lib/]
  ignore line: [COLLECT_GCC_OPTIONS='-v' '-o' 'CMakeFiles/cmTC_7e8ea.dir/CMakeCCompilerABI.c.o' '-c' '-mtune=generic' '-march=x86-64']
  ignore line: [Linking C executable cmTC_7e8ea]
  ignore line: [/usr/bin/cmake -E cmake_link_script CMakeFiles/cmTC_7e8ea.dir/link.txt --verbose=1]
  ignore line: [/usr/bin/cc     -v -rdynamic CMakeFiles/cmTC_7e8ea.dir/CMakeCCompilerABI.c.o  -o cmTC_7e8ea ]
  ignore line: [Using built-in specs.]
  ignore line: [COLLECT_GCC=/usr/bin/cc]
  ignore line: [COLLECT_LTO_WRAPPER=/usr/lib/gcc/x86_64-pc-linux-gnu/9.2.0/lto-wrapper]
  ignore line: [Target: x86_64-pc-linux-gnu]
  ignore line: [Configured with: /build/gcc/src/gcc/configure --prefix=/usr --libdir=/usr/lib --libexecdir=/usr/lib --mandir=/usr/share/man --infodir=/usr/share/info --with-bugurl=https://bugs.archlinux.org/ --enable-languages=c,c++,ada,fortran,go,lto,objc,obj-c++ --enable-shared --enable-threads=posix --with-system-zlib --with-isl --enable-__cxa_atexit --disable-libunwind-exceptions --enable-clocale=gnu --disable-libstdcxx-pch --disable-libssp --enable-gnu-unique-object --enable-linker-build-id --enable-lto --enable-plugin --enable-install-libiberty --with-linker-hash-style=gnu --enable-gnu-indirect-function --enable-multilib --disable-werror --enable-checking=release --enable-default-pie --enable-default-ssp --enable-cet=auto]
  ignore line: [Thread model: posix]
  ignore line: [gcc version 9.2.0 (GCC) ]
  ignore line: [COMPILER_PATH=/usr/lib/gcc/x86_64-pc-linux-gnu/9.2.0/:/usr/lib/gcc/x86_64-pc-linux-gnu/9.2.0/:/usr/lib/gcc/x86_64-pc-linux-gnu/:/usr/lib/gcc/x86_64-pc-linux-gnu/9.2.0/:/usr/lib/gcc/x86_64-pc-linux-gnu/]
  ignore line: [LIBRARY_PATH=/usr/lib/gcc/x86_64-pc-linux-gnu/9.2.0/:/usr/lib/gcc/x86_64-pc-linux-gnu/9.2.0/../../../../lib/:/lib/../lib/:/usr/lib/../lib/:/usr/lib/gcc/x86_64-pc-linux-gnu/9.2.0/../../../:/lib/:/usr/lib/]
  ignore line: [COLLECT_GCC_OPTIONS='-v' '-rdynamic' '-o' 'cmTC_7e8ea' '-mtune=generic' '-march=x86-64']
  link line: [ /usr/lib/gcc/x86_64-pc-linux-gnu/9.2.0/collect2 -plugin /usr/lib/gcc/x86_64-pc-linux-gnu/9.2.0/liblto_plugin.so -plugin-opt=/usr/lib/gcc/x86_64-pc-linux-gnu/9.2.0/lto-wrapper -plugin-opt=-fresolution=/tmp/ccVap3aN.res -plugin-opt=-pass-through=-lgcc -plugin-opt=-pass-through=-lgcc_s -plugin-opt=-pass-through=-lc -plugin-opt=-pass-through=-lgcc -plugin-opt=-pass-through=-lgcc_s --build-id --eh-frame-hdr --hash-style=gnu -m elf_x86_64 -export-dynamic -dynamic-linker /lib64/ld-linux-x86-64.so.2 -pie -o cmTC_7e8ea /usr/lib/gcc/x86_64-pc-linux-gnu/9.2.0/../../../../lib/Scrt1.o /usr/lib/gcc/x86_64-pc-linux-gnu/9.2.0/../../../../lib/crti.o /usr/lib/gcc/x86_64-pc-linux-gnu/9.2.0/crtbeginS.o -L/usr/lib/gcc/x86_64-pc-linux-gnu/9.2.0 -L/usr/lib/gcc/x86_64-pc-linux-gnu/9.2.0/../../../../lib -L/lib/../lib -L/usr/lib/../lib -L/usr/lib/gcc/x86_64-pc-linux-gnu/9.2.0/../../.. CMakeFiles/cmTC_7e8ea.dir/CMakeCCompilerABI.c.o -lgcc --push-state --as-needed -lgcc_s --pop-state -lc -lgcc --push-state --as-needed -lgcc_s --pop-state /usr/lib/gcc/x86_64-pc-linux-gnu/9.2.0/crtendS.o /usr/lib/gcc/x86_64-pc-linux-gnu/9.2.0/../../../../lib/crtn.o]
    arg [/usr/lib/gcc/x86_64-pc-linux-gnu/9.2.0/collect2] ==> ignore
    arg [-plugin] ==> ignore
    arg [/usr/lib/gcc/x86_64-pc-linux-gnu/9.2.0/liblto_plugin.so] ==> ignore
    arg [-plugin-opt=/usr/lib/gcc/x86_64-pc-linux-gnu/9.2.0/lto-wrapper] ==> ignore
    arg [-plugin-opt=-fresolution=/tmp/ccVap3aN.res] ==> ignore
    arg [-plugin-opt=-pass-through=-lgcc] ==> ignore
    arg [-plugin-opt=-pass-through=-lgcc_s] ==> ignore
    arg [-plugin-opt=-pass-through=-lc] ==> ignore
    arg [-plugin-opt=-pass-through=-lgcc] ==> ignore
    arg [-plugin-opt=-pass-through=-lgcc_s] ==> ignore
    arg [--build-id] ==> ignore
    arg [--eh-frame-hdr] ==> ignore
    arg [--hash-style=gnu] ==> ignore
    arg [-m] ==> ignore
    arg [elf_x86_64] ==> ignore
    arg [-export-dynamic] ==> ignore
    arg [-dynamic-linker] ==> ignore
    arg [/lib64/ld-linux-x86-64.so.2] ==> ignore
    arg [-pie] ==> ignore
    arg [-o] ==> ignore
    arg [cmTC_7e8ea] ==> ignore
    arg [/usr/lib/gcc/x86_64-pc-linux-gnu/9.2.0/../../../../lib/Scrt1.o] ==> ignore
    arg [/usr/lib/gcc/x86_64-pc-linux-gnu/9.2.0/../../../../lib/crti.o] ==> ignore
    arg [/usr/lib/gcc/x86_64-pc-linux-gnu/9.2.0/crtbeginS.o] ==> ignore
    arg [-L/usr/lib/gcc/x86_64-pc-linux-gnu/9.2.0] ==> dir [/usr/lib/gcc/x86_64-pc-linux-gnu/9.2.0]
    arg [-L/usr/lib/gcc/x86_64-pc-linux-gnu/9.2.0/../../../../lib] ==> dir [/usr/lib/gcc/x86_64-pc-linux-gnu/9.2.0/../../../../lib]
    arg [-L/lib/../lib] ==> dir [/lib/../lib]
    arg [-L/usr/lib/../lib] ==> dir [/usr/lib/../lib]
    arg [-L/usr/lib/gcc/x86_64-pc-linux-gnu/9.2.0/../../..] ==> dir [/usr/lib/gcc/x86_64-pc-linux-gnu/9.2.0/../../..]
    arg [CMakeFiles/cmTC_7e8ea.dir/CMakeCCompilerABI.c.o] ==> ignore
    arg [-lgcc] ==> lib [gcc]
    arg [--push-state] ==> ignore
    arg [--as-needed] ==> ignore
    arg [-lgcc_s] ==> lib [gcc_s]
    arg [--pop-state] ==> ignore
    arg [-lc] ==> lib [c]
    arg [-lgcc] ==> lib [gcc]
    arg [--push-state] ==> ignore
    arg [--as-needed] ==> ignore
    arg [-lgcc_s] ==> lib [gcc_s]
    arg [--pop-state] ==> ignore
    arg [/usr/lib/gcc/x86_64-pc-linux-gnu/9.2.0/crtendS.o] ==> ignore
    arg [/usr/lib/gcc/x86_64-pc-linux-gnu/9.2.0/../../../../lib/crtn.o] ==> ignore
  collapse library dir [/usr/lib/gcc/x86_64-pc-linux-gnu/9.2.0] ==> [/usr/lib/gcc/x86_64-pc-linux-gnu/9.2.0]
  collapse library dir [/usr/lib/gcc/x86_64-pc-linux-gnu/9.2.0/../../../../lib] ==> [/usr/lib]
  collapse library dir [/lib/../lib] ==> [/lib]
  collapse library dir [/usr/lib/../lib] ==> [/usr/lib]
  collapse library dir [/usr/lib/gcc/x86_64-pc-linux-gnu/9.2.0/../../..] ==> [/usr/lib]
  implicit libs: [gcc;gcc_s;c;gcc;gcc_s]
  implicit dirs: [/usr/lib/gcc/x86_64-pc-linux-gnu/9.2.0;/usr/lib;/lib]
  implicit fwks: []


Determining if the CXX compiler works passed with the following output:
Change Dir: /home/jim/college/graphics/build/CMakeFiles/CMakeTmp

Run Build Command(s):/usr/bin/make cmTC_e447c/fast && /usr/bin/make -f CMakeFiles/cmTC_e447c.dir/build.make CMakeFiles/cmTC_e447c.dir/build
make[1]: Entering directory '/home/jim/college/graphics/build/CMakeFiles/CMakeTmp'
Building CXX object CMakeFiles/cmTC_e447c.dir/testCXXCompiler.cxx.o
/usr/bin/c++     -o CMakeFiles/cmTC_e447c.dir/testCXXCompiler.cxx.o -c /home/jim/college/graphics/build/CMakeFiles/CMakeTmp/testCXXCompiler.cxx
Linking CXX executable cmTC_e447c
/usr/bin/cmake -E cmake_link_script CMakeFiles/cmTC_e447c.dir/link.txt --verbose=1
/usr/bin/c++       -rdynamic CMakeFiles/cmTC_e447c.dir/testCXXCompiler.cxx.o  -o cmTC_e447c 
make[1]: Leaving directory '/home/jim/college/graphics/build/CMakeFiles/CMakeTmp'



Detecting CXX compiler ABI info compiled with the following output:
Change Dir: /home/jim/college/graphics/build/CMakeFiles/CMakeTmp

Run Build Command(s):/usr/bin/make cmTC_aa7a4/fast && /usr/bin/make -f CMakeFiles/cmTC_aa7a4.dir/build.make CMakeFiles/cmTC_aa7a4.dir/build
make[1]: Entering directory '/home/jim/college/graphics/build/CMakeFiles/CMakeTmp'
Building CXX object CMakeFiles/cmTC_aa7a4.dir/CMakeCXXCompilerABI.cpp.o
/usr/bin/c++    -v -o CMakeFiles/cmTC_aa7a4.dir/CMakeCXXCompilerABI.cpp.o -c /usr/share/cmake-3.15/Modules/CMakeCXXCompilerABI.cpp
Using built-in specs.
COLLECT_GCC=/usr/bin/c++
Target: x86_64-pc-linux-gnu
Configured with: /build/gcc/src/gcc/configure --prefix=/usr --libdir=/usr/lib --libexecdir=/usr/lib --mandir=/usr/share/man --infodir=/usr/share/info --with-bugurl=https://bugs.archlinux.org/ --enable-languages=c,c++,ada,fortran,go,lto,objc,obj-c++ --enable-shared --enable-threads=posix --with-system-zlib --with-isl --enable-__cxa_atexit --disable-libunwind-exceptions --enable-clocale=gnu --disable-libstdcxx-pch --disable-libssp --enable-gnu-unique-object --enable-linker-build-id --enable-lto --enable-plugin --enable-install-libiberty --with-linker-hash-style=gnu --enable-gnu-indirect-function --enable-multilib --disable-werror --enable-checking=release --enable-default-pie --enable-default-ssp --enable-cet=auto
Thread model: posix
gcc version 9.2.0 (GCC) 
COLLECT_GCC_OPTIONS='-v' '-o' 'CMakeFiles/cmTC_aa7a4.dir/CMakeCXXCompilerABI.cpp.o' '-c' '-shared-libgcc' '-mtune=generic' '-march=x86-64'
 /usr/lib/gcc/x86_64-pc-linux-gnu/9.2.0/cc1plus -quiet -v -D_GNU_SOURCE /usr/share/cmake-3.15/Modules/CMakeCXXCompilerABI.cpp -quiet -dumpbase CMakeCXXCompilerABI.cpp -mtune=generic -march=x86-64 -auxbase-strip CMakeFiles/cmTC_aa7a4.dir/CMakeCXXCompilerABI.cpp.o -version -o /tmp/ccpvSPwb.s
GNU C++14 (GCC) version 9.2.0 (x86_64-pc-linux-gnu)
	compiled by GNU C version 9.2.0, GMP version 6.1.2, MPFR version 4.0.2, MPC version 1.1.0, isl version isl-0.21-GMP

GGC heuristics: --param ggc-min-expand=100 --param ggc-min-heapsize=131072
ignoring nonexistent directory "/usr/lib/gcc/x86_64-pc-linux-gnu/9.2.0/../../../../x86_64-pc-linux-gnu/include"
#include "..." search starts here:
#include <...> search starts here:
 /usr/lib/gcc/x86_64-pc-linux-gnu/9.2.0/../../../../include/c++/9.2.0
 /usr/lib/gcc/x86_64-pc-linux-gnu/9.2.0/../../../../include/c++/9.2.0/x86_64-pc-linux-gnu
 /usr/lib/gcc/x86_64-pc-linux-gnu/9.2.0/../../../../include/c++/9.2.0/backward
 /usr/lib/gcc/x86_64-pc-linux-gnu/9.2.0/include
 /usr/local/include
 /usr/lib/gcc/x86_64-pc-linux-gnu/9.2.0/include-fixed
 /usr/include
End of search list.
GNU C++14 (GCC) version 9.2.0 (x86_64-pc-linux-gnu)
	compiled by GNU C version 9.2.0, GMP version 6.1.2, MPFR version 4.0.2, MPC version 1.1.0, isl version isl-0.21-GMP

GGC heuristics: --param ggc-min-expand=100 --param ggc-min-heapsize=131072
Compiler executable checksum: c32c3629f5ae579d55b10ee126db79d8
COLLECT_GCC_OPTIONS='-v' '-o' 'CMakeFiles/cmTC_aa7a4.dir/CMakeCXXCompilerABI.cpp.o' '-c' '-shared-libgcc' '-mtune=generic' '-march=x86-64'
 as -v --64 -o CMakeFiles/cmTC_aa7a4.dir/CMakeCXXCompilerABI.cpp.o /tmp/ccpvSPwb.s
GNU assembler version 2.32 (x86_64-pc-linux-gnu) using BFD version (GNU Binutils) 2.32
COMPILER_PATH=/usr/lib/gcc/x86_64-pc-linux-gnu/9.2.0/:/usr/lib/gcc/x86_64-pc-linux-gnu/9.2.0/:/usr/lib/gcc/x86_64-pc-linux-gnu/:/usr/lib/gcc/x86_64-pc-linux-gnu/9.2.0/:/usr/lib/gcc/x86_64-pc-linux-gnu/
LIBRARY_PATH=/usr/lib/gcc/x86_64-pc-linux-gnu/9.2.0/:/usr/lib/gcc/x86_64-pc-linux-gnu/9.2.0/../../../../lib/:/lib/../lib/:/usr/lib/../lib/:/usr/lib/gcc/x86_64-pc-linux-gnu/9.2.0/../../../:/lib/:/usr/lib/
COLLECT_GCC_OPTIONS='-v' '-o' 'CMakeFiles/cmTC_aa7a4.dir/CMakeCXXCompilerABI.cpp.o' '-c' '-shared-libgcc' '-mtune=generic' '-march=x86-64'
Linking CXX executable cmTC_aa7a4
/usr/bin/cmake -E cmake_link_script CMakeFiles/cmTC_aa7a4.dir/link.txt --verbose=1
/usr/bin/c++      -v -rdynamic CMakeFiles/cmTC_aa7a4.dir/CMakeCXXCompilerABI.cpp.o  -o cmTC_aa7a4 
Using built-in specs.
COLLECT_GCC=/usr/bin/c++
COLLECT_LTO_WRAPPER=/usr/lib/gcc/x86_64-pc-linux-gnu/9.2.0/lto-wrapper
Target: x86_64-pc-linux-gnu
Configured with: /build/gcc/src/gcc/configure --prefix=/usr --libdir=/usr/lib --libexecdir=/usr/lib --mandir=/usr/share/man --infodir=/usr/share/info --with-bugurl=https://bugs.archlinux.org/ --enable-languages=c,c++,ada,fortran,go,lto,objc,obj-c++ --enable-shared --enable-threads=posix --with-system-zlib --with-isl --enable-__cxa_atexit --disable-libunwind-exceptions --enable-clocale=gnu --disable-libstdcxx-pch --disable-libssp --enable-gnu-unique-object --enable-linker-build-id --enable-lto --enable-plugin --enable-install-libiberty --with-linker-hash-style=gnu --enable-gnu-indirect-function --enable-multilib --disable-werror --enable-checking=release --enable-default-pie --enable-default-ssp --enable-cet=auto
Thread model: posix
gcc version 9.2.0 (GCC) 
COMPILER_PATH=/usr/lib/gcc/x86_64-pc-linux-gnu/9.2.0/:/usr/lib/gcc/x86_64-pc-linux-gnu/9.2.0/:/usr/lib/gcc/x86_64-pc-linux-gnu/:/usr/lib/gcc/x86_64-pc-linux-gnu/9.2.0/:/usr/lib/gcc/x86_64-pc-linux-gnu/
LIBRARY_PATH=/usr/lib/gcc/x86_64-pc-linux-gnu/9.2.0/:/usr/lib/gcc/x86_64-pc-linux-gnu/9.2.0/../../../../lib/:/lib/../lib/:/usr/lib/../lib/:/usr/lib/gcc/x86_64-pc-linux-gnu/9.2.0/../../../:/lib/:/usr/lib/
COLLECT_GCC_OPTIONS='-v' '-rdynamic' '-o' 'cmTC_aa7a4' '-shared-libgcc' '-mtune=generic' '-march=x86-64'
 /usr/lib/gcc/x86_64-pc-linux-gnu/9.2.0/collect2 -plugin /usr/lib/gcc/x86_64-pc-linux-gnu/9.2.0/liblto_plugin.so -plugin-opt=/usr/lib/gcc/x86_64-pc-linux-gnu/9.2.0/lto-wrapper -plugin-opt=-fresolution=/tmp/ccYc0OmB.res -plugin-opt=-pass-through=-lgcc_s -plugin-opt=-pass-through=-lgcc -plugin-opt=-pass-through=-lc -plugin-opt=-pass-through=-lgcc_s -plugin-opt=-pass-through=-lgcc --build-id --eh-frame-hdr --hash-style=gnu -m elf_x86_64 -export-dynamic -dynamic-linker /lib64/ld-linux-x86-64.so.2 -pie -o cmTC_aa7a4 /usr/lib/gcc/x86_64-pc-linux-gnu/9.2.0/../../../../lib/Scrt1.o /usr/lib/gcc/x86_64-pc-linux-gnu/9.2.0/../../../../lib/crti.o /usr/lib/gcc/x86_64-pc-linux-gnu/9.2.0/crtbeginS.o -L/usr/lib/gcc/x86_64-pc-linux-gnu/9.2.0 -L/usr/lib/gcc/x86_64-pc-linux-gnu/9.2.0/../../../../lib -L/lib/../lib -L/usr/lib/../lib -L/usr/lib/gcc/x86_64-pc-linux-gnu/9.2.0/../../.. CMakeFiles/cmTC_aa7a4.dir/CMakeCXXCompilerABI.cpp.o -lstdc++ -lm -lgcc_s -lgcc -lc -lgcc_s -lgcc /usr/lib/gcc/x86_64-pc-linux-gnu/9.2.0/crtendS.o /usr/lib/gcc/x86_64-pc-linux-gnu/9.2.0/../../../../lib/crtn.o
COLLECT_GCC_OPTIONS='-v' '-rdynamic' '-o' 'cmTC_aa7a4' '-shared-libgcc' '-mtune=generic' '-march=x86-64'
make[1]: Leaving directory '/home/jim/college/graphics/build/CMakeFiles/CMakeTmp'



Parsed CXX implicit include dir info from above output: rv=done
  found start of include info
  found start of implicit include info
    add: [/usr/lib/gcc/x86_64-pc-linux-gnu/9.2.0/../../../../include/c++/9.2.0]
    add: [/usr/lib/gcc/x86_64-pc-linux-gnu/9.2.0/../../../../include/c++/9.2.0/x86_64-pc-linux-gnu]
    add: [/usr/lib/gcc/x86_64-pc-linux-gnu/9.2.0/../../../../include/c++/9.2.0/backward]
    add: [/usr/lib/gcc/x86_64-pc-linux-gnu/9.2.0/include]
    add: [/usr/local/include]
    add: [/usr/lib/gcc/x86_64-pc-linux-gnu/9.2.0/include-fixed]
    add: [/usr/include]
  end of search list found
  collapse include dir [/usr/lib/gcc/x86_64-pc-linux-gnu/9.2.0/../../../../include/c++/9.2.0] ==> [/usr/include/c++/9.2.0]
  collapse include dir [/usr/lib/gcc/x86_64-pc-linux-gnu/9.2.0/../../../../include/c++/9.2.0/x86_64-pc-linux-gnu] ==> [/usr/include/c++/9.2.0/x86_64-pc-linux-gnu]
  collapse include dir [/usr/lib/gcc/x86_64-pc-linux-gnu/9.2.0/../../../../include/c++/9.2.0/backward] ==> [/usr/include/c++/9.2.0/backward]
  collapse include dir [/usr/lib/gcc/x86_64-pc-linux-gnu/9.2.0/include] ==> [/usr/lib/gcc/x86_64-pc-linux-gnu/9.2.0/include]
  collapse include dir [/usr/local/include] ==> [/usr/local/include]
  collapse include dir [/usr/lib/gcc/x86_64-pc-linux-gnu/9.2.0/include-fixed] ==> [/usr/lib/gcc/x86_64-pc-linux-gnu/9.2.0/include-fixed]
  collapse include dir [/usr/include] ==> [/usr/include]
  implicit include dirs: [/usr/include/c++/9.2.0;/usr/include/c++/9.2.0/x86_64-pc-linux-gnu;/usr/include/c++/9.2.0/backward;/usr/lib/gcc/x86_64-pc-linux-gnu/9.2.0/include;/usr/local/include;/usr/lib/gcc/x86_64-pc-linux-gnu/9.2.0/include-fixed;/usr/include]


Parsed CXX implicit link information from above output:
  link line regex: [^( *|.*[/\])(ld|CMAKE_LINK_STARTFILE-NOTFOUND|([^/\]+-)?ld|collect2)[^/\]*( |$)]
  ignore line: [Change Dir: /home/jim/college/graphics/build/CMakeFiles/CMakeTmp]
  ignore line: []
  ignore line: [Run Build Command(s):/usr/bin/make cmTC_aa7a4/fast && /usr/bin/make -f CMakeFiles/cmTC_aa7a4.dir/build.make CMakeFiles/cmTC_aa7a4.dir/build]
  ignore line: [make[1]: Entering directory '/home/jim/college/graphics/build/CMakeFiles/CMakeTmp']
  ignore line: [Building CXX object CMakeFiles/cmTC_aa7a4.dir/CMakeCXXCompilerABI.cpp.o]
  ignore line: [/usr/bin/c++    -v -o CMakeFiles/cmTC_aa7a4.dir/CMakeCXXCompilerABI.cpp.o -c /usr/share/cmake-3.15/Modules/CMakeCXXCompilerABI.cpp]
  ignore line: [Using built-in specs.]
  ignore line: [COLLECT_GCC=/usr/bin/c++]
  ignore line: [Target: x86_64-pc-linux-gnu]
  ignore line: [Configured with: /build/gcc/src/gcc/configure --prefix=/usr --libdir=/usr/lib --libexecdir=/usr/lib --mandir=/usr/share/man --infodir=/usr/share/info --with-bugurl=https://bugs.archlinux.org/ --enable-languages=c,c++,ada,fortran,go,lto,objc,obj-c++ --enable-shared --enable-threads=posix --with-system-zlib --with-isl --enable-__cxa_atexit --disable-libunwind-exceptions --enable-clocale=gnu --disable-libstdcxx-pch --disable-libssp --enable-gnu-unique-object --enable-linker-build-id --enable-lto --enable-plugin --enable-install-libiberty --with-linker-hash-style=gnu --enable-gnu-indirect-function --enable-multilib --disable-werror --enable-checking=release --enable-default-pie --enable-default-ssp --enable-cet=auto]
  ignore line: [Thread model: posix]
  ignore line: [gcc version 9.2.0 (GCC) ]
  ignore line: [COLLECT_GCC_OPTIONS='-v' '-o' 'CMakeFiles/cmTC_aa7a4.dir/CMakeCXXCompilerABI.cpp.o' '-c' '-shared-libgcc' '-mtune=generic' '-march=x86-64']
  ignore line: [ /usr/lib/gcc/x86_64-pc-linux-gnu/9.2.0/cc1plus -quiet -v -D_GNU_SOURCE /usr/share/cmake-3.15/Modules/CMakeCXXCompilerABI.cpp -quiet -dumpbase CMakeCXXCompilerABI.cpp -mtune=generic -march=x86-64 -auxbase-strip CMakeFiles/cmTC_aa7a4.dir/CMakeCXXCompilerABI.cpp.o -version -o /tmp/ccpvSPwb.s]
  ignore line: [GNU C++14 (GCC) version 9.2.0 (x86_64-pc-linux-gnu)]
  ignore line: [	compiled by GNU C version 9.2.0, GMP version 6.1.2, MPFR version 4.0.2, MPC version 1.1.0, isl version isl-0.21-GMP]
  ignore line: []
  ignore line: [GGC heuristics: --param ggc-min-expand=100 --param ggc-min-heapsize=131072]
  ignore line: [ignoring nonexistent directory "/usr/lib/gcc/x86_64-pc-linux-gnu/9.2.0/../../../../x86_64-pc-linux-gnu/include"]
  ignore line: [#include "..." search starts here:]
  ignore line: [#include <...> search starts here:]
  ignore line: [ /usr/lib/gcc/x86_64-pc-linux-gnu/9.2.0/../../../../include/c++/9.2.0]
  ignore line: [ /usr/lib/gcc/x86_64-pc-linux-gnu/9.2.0/../../../../include/c++/9.2.0/x86_64-pc-linux-gnu]
  ignore line: [ /usr/lib/gcc/x86_64-pc-linux-gnu/9.2.0/../../../../include/c++/9.2.0/backward]
  ignore line: [ /usr/lib/gcc/x86_64-pc-linux-gnu/9.2.0/include]
  ignore line: [ /usr/local/include]
  ignore line: [ /usr/lib/gcc/x86_64-pc-linux-gnu/9.2.0/include-fixed]
  ignore line: [ /usr/include]
  ignore line: [End of search list.]
  ignore line: [GNU C++14 (GCC) version 9.2.0 (x86_64-pc-linux-gnu)]
  ignore line: [	compiled by GNU C version 9.2.0, GMP version 6.1.2, MPFR version 4.0.2, MPC version 1.1.0, isl version isl-0.21-GMP]
  ignore line: []
  ignore line: [GGC heuristics: --param ggc-min-expand=100 --param ggc-min-heapsize=131072]
  ignore line: [Compiler executable checksum: c32c3629f5ae579d55b10ee126db79d8]
  ignore line: [COLLECT_GCC_OPTIONS='-v' '-o' 'CMakeFiles/cmTC_aa7a4.dir/CMakeCXXCompilerABI.cpp.o' '-c' '-shared-libgcc' '-mtune=generic' '-march=x86-64']
  ignore line: [ as -v --64 -o CMakeFiles/cmTC_aa7a4.dir/CMakeCXXCompilerABI.cpp.o /tmp/ccpvSPwb.s]
  ignore line: [GNU assembler version 2.32 (x86_64-pc-linux-gnu) using BFD version (GNU Binutils) 2.32]
  ignore line: [COMPILER_PATH=/usr/lib/gcc/x86_64-pc-linux-gnu/9.2.0/:/usr/lib/gcc/x86_64-pc-linux-gnu/9.2.0/:/usr/lib/gcc/x86_64-pc-linux-gnu/:/usr/lib/gcc/x86_64-pc-linux-gnu/9.2.0/:/usr/lib/gcc/x86_64-pc-linux-gnu/]
  ignore line: [LIBRARY_PATH=/usr/lib/gcc/x86_64-pc-linux-gnu/9.2.0/:/usr/lib/gcc/x86_64-pc-linux-gnu/9.2.0/../../../../lib/:/lib/../lib/:/usr/lib/../lib/:/usr/lib/gcc/x86_64-pc-linux-gnu/9.2.0/../../../:/lib/:/usr/lib/]
  ignore line: [COLLECT_GCC_OPTIONS='-v' '-o' 'CMakeFiles/cmTC_aa7a4.dir/CMakeCXXCompilerABI.cpp.o' '-c' '-shared-libgcc' '-mtune=generic' '-march=x86-64']
  ignore line: [Linking CXX executable cmTC_aa7a4]
  ignore line: [/usr/bin/cmake -E cmake_link_script CMakeFiles/cmTC_aa7a4.dir/link.txt --verbose=1]
  ignore line: [/usr/bin/c++      -v -rdynamic CMakeFiles/cmTC_aa7a4.dir/CMakeCXXCompilerABI.cpp.o  -o cmTC_aa7a4 ]
  ignore line: [Using built-in specs.]
  ignore line: [COLLECT_GCC=/usr/bin/c++]
  ignore line: [COLLECT_LTO_WRAPPER=/usr/lib/gcc/x86_64-pc-linux-gnu/9.2.0/lto-wrapper]
  ignore line: [Target: x86_64-pc-linux-gnu]
  ignore line: [Configured with: /build/gcc/src/gcc/configure --prefix=/usr --libdir=/usr/lib --libexecdir=/usr/lib --mandir=/usr/share/man --infodir=/usr/share/info --with-bugurl=https://bugs.archlinux.org/ --enable-languages=c,c++,ada,fortran,go,lto,objc,obj-c++ --enable-shared --enable-threads=posix --with-system-zlib --with-isl --enable-__cxa_atexit --disable-libunwind-exceptions --enable-clocale=gnu --disable-libstdcxx-pch --disable-libssp --enable-gnu-unique-object --enable-linker-build-id --enable-lto --enable-plugin --enable-install-libiberty --with-linker-hash-style=gnu --enable-gnu-indirect-function --enable-multilib --disable-werror --enable-checking=release --enable-default-pie --enable-default-ssp --enable-cet=auto]
  ignore line: [Thread model: posix]
  ignore line: [gcc version 9.2.0 (GCC) ]
  ignore line: [COMPILER_PATH=/usr/lib/gcc/x86_64-pc-linux-gnu/9.2.0/:/usr/lib/gcc/x86_64-pc-linux-gnu/9.2.0/:/usr/lib/gcc/x86_64-pc-linux-gnu/:/usr/lib/gcc/x86_64-pc-linux-gnu/9.2.0/:/usr/lib/gcc/x86_64-pc-linux-gnu/]
  ignore line: [LIBRARY_PATH=/usr/lib/gcc/x86_64-pc-linux-gnu/9.2.0/:/usr/lib/gcc/x86_64-pc-linux-gnu/9.2.0/../../../../lib/:/lib/../lib/:/usr/lib/../lib/:/usr/lib/gcc/x86_64-pc-linux-gnu/9.2.0/../../../:/lib/:/usr/lib/]
  ignore line: [COLLECT_GCC_OPTIONS='-v' '-rdynamic' '-o' 'cmTC_aa7a4' '-shared-libgcc' '-mtune=generic' '-march=x86-64']
  link line: [ /usr/lib/gcc/x86_64-pc-linux-gnu/9.2.0/collect2 -plugin /usr/lib/gcc/x86_64-pc-linux-gnu/9.2.0/liblto_plugin.so -plugin-opt=/usr/lib/gcc/x86_64-pc-linux-gnu/9.2.0/lto-wrapper -plugin-opt=-fresolution=/tmp/ccYc0OmB.res -plugin-opt=-pass-through=-lgcc_s -plugin-opt=-pass-through=-lgcc -plugin-opt=-pass-through=-lc -plugin-opt=-pass-through=-lgcc_s -plugin-opt=-pass-through=-lgcc --build-id --eh-frame-hdr --hash-style=gnu -m elf_x86_64 -export-dynamic -dynamic-linker /lib64/ld-linux-x86-64.so.2 -pie -o cmTC_aa7a4 /usr/lib/gcc/x86_64-pc-linux-gnu/9.2.0/../../../../lib/Scrt1.o /usr/lib/gcc/x86_64-pc-linux-gnu/9.2.0/../../../../lib/crti.o /usr/lib/gcc/x86_64-pc-linux-gnu/9.2.0/crtbeginS.o -L/usr/lib/gcc/x86_64-pc-linux-gnu/9.2.0 -L/usr/lib/gcc/x86_64-pc-linux-gnu/9.2.0/../../../../lib -L/lib/../lib -L/usr/lib/../lib -L/usr/lib/gcc/x86_64-pc-linux-gnu/9.2.0/../../.. CMakeFiles/cmTC_aa7a4.dir/CMakeCXXCompilerABI.cpp.o -lstdc++ -lm -lgcc_s -lgcc -lc -lgcc_s -lgcc /usr/lib/gcc/x86_64-pc-linux-gnu/9.2.0/crtendS.o /usr/lib/gcc/x86_64-pc-linux-gnu/9.2.0/../../../../lib/crtn.o]
    arg [/usr/lib/gcc/x86_64-pc-linux-gnu/9.2.0/collect2] ==> ignore
    arg [-plugin] ==> ignore
    arg [/usr/lib/gcc/x86_64-pc-linux-gnu/9.2.0/liblto_plugin.so] ==> ignore
    arg [-plugin-opt=/usr/lib/gcc/x86_64-pc-linux-gnu/9.2.0/lto-wrapper] ==> ignore
    arg [-plugin-opt=-fresolution=/tmp/ccYc0OmB.res] ==> ignore
    arg [-plugin-opt=-pass-through=-lgcc_s] ==> ignore
    arg [-plugin-opt=-pass-through=-lgcc] ==> ignore
    arg [-plugin-opt=-pass-through=-lc] ==> ignore
    arg [-plugin-opt=-pass-through=-lgcc_s] ==> ignore
    arg [-plugin-opt=-pass-through=-lgcc] ==> ignore
    arg [--build-id] ==> ignore
    arg [--eh-frame-hdr] ==> ignore
    arg [--hash-style=gnu] ==> ignore
    arg [-m] ==> ignore
    arg [elf_x86_64] ==> ignore
    arg [-export-dynamic] ==> ignore
    arg [-dynamic-linker] ==> ignore
    arg [/lib64/ld-linux-x86-64.so.2] ==> ignore
    arg [-pie] ==> ignore
    arg [-o] ==> ignore
    arg [cmTC_aa7a4] ==> ignore
    arg [/usr/lib/gcc/x86_64-pc-linux-gnu/9.2.0/../../../../lib/Scrt1.o] ==> ignore
    arg [/usr/lib/gcc/x86_64-pc-linux-gnu/9.2.0/../../../../lib/crti.o] ==> ignore
    arg [/usr/lib/gcc/x86_64-pc-linux-gnu/9.2.0/crtbeginS.o] ==> ignore
    arg [-L/usr/lib/gcc/x86_64-pc-linux-gnu/9.2.0] ==> dir [/usr/lib/gcc/x86_64-pc-linux-gnu/9.2.0]
    arg [-L/usr/lib/gcc/x86_64-pc-linux-gnu/9.2.0/../../../../lib] ==> dir [/usr/lib/gcc/x86_64-pc-linux-gnu/9.2.0/../../../../lib]
    arg [-L/lib/../lib] ==> dir [/lib/../lib]
    arg [-L/usr/lib/../lib] ==> dir [/usr/lib/../lib]
    arg [-L/usr/lib/gcc/x86_64-pc-linux-gnu/9.2.0/../../..] ==> dir [/usr/lib/gcc/x86_64-pc-linux-gnu/9.2.0/../../..]
    arg [CMakeFiles/cmTC_aa7a4.dir/CMakeCXXCompilerABI.cpp.o] ==> ignore
    arg [-lstdc++] ==> lib [stdc++]
    arg [-lm] ==> lib [m]
    arg [-lgcc_s] ==> lib [gcc_s]
    arg [-lgcc] ==> lib [gcc]
    arg [-lc] ==> lib [c]
    arg [-lgcc_s] ==> lib [gcc_s]
    arg [-lgcc] ==> lib [gcc]
    arg [/usr/lib/gcc/x86_64-pc-linux-gnu/9.2.0/crtendS.o] ==> ignore
    arg [/usr/lib/gcc/x86_64-pc-linux-gnu/9.2.0/../../../../lib/crtn.o] ==> ignore
  collapse library dir [/usr/lib/gcc/x86_64-pc-linux-gnu/9.2.0] ==> [/usr/lib/gcc/x86_64-pc-linux-gnu/9.2.0]
  collapse library dir [/usr/lib/gcc/x86_64-pc-linux-gnu/9.2.0/../../../../lib] ==> [/usr/lib]
  collapse library dir [/lib/../lib] ==> [/lib]
  collapse library dir [/usr/lib/../lib] ==> [/usr/lib]
  collapse library dir [/usr/lib/gcc/x86_64-pc-linux-gnu/9.2.0/../../..] ==> [/usr/lib]
  implicit libs: [stdc++;m;gcc_s;gcc;c;gcc_s;gcc]
  implicit dirs: [/usr/lib/gcc/x86_64-pc-linux-gnu/9.2.0;/usr/lib;/lib]
  implicit fwks: []


Determining if the include file pthread.h exists passed with the following output:
Change Dir: /home/jim/college/graphics/build/CMakeFiles/CMakeTmp

Run Build Command(s):/usr/bin/make cmTC_0e8f3/fast && /usr/bin/make -f CMakeFiles/cmTC_0e8f3.dir/build.make CMakeFiles/cmTC_0e8f3.dir/build
make[1]: Entering directory '/home/jim/college/graphics/build/CMakeFiles/CMakeTmp'
Building C object CMakeFiles/cmTC_0e8f3.dir/CheckIncludeFile.c.o
/usr/bin/cc    -o CMakeFiles/cmTC_0e8f3.dir/CheckIncludeFile.c.o   -c /home/jim/college/graphics/build/CMakeFiles/CMakeTmp/CheckIncludeFile.c
Linking C executable cmTC_0e8f3
/usr/bin/cmake -E cmake_link_script CMakeFiles/cmTC_0e8f3.dir/link.txt --verbose=1
/usr/bin/cc      -rdynamic CMakeFiles/cmTC_0e8f3.dir/CheckIncludeFile.c.o  -o cmTC_0e8f3 
make[1]: Leaving directory '/home/jim/college/graphics/build/CMakeFiles/CMakeTmp'



Determining if the function pthread_create exists in the pthread passed with the following output:
Change Dir: /home/jim/college/graphics/build/CMakeFiles/CMakeTmp

Run Build Command(s):/usr/bin/make cmTC_4e870/fast && /usr/bin/make -f CMakeFiles/cmTC_4e870.dir/build.make CMakeFiles/cmTC_4e870.dir/build
make[1]: Entering directory '/home/jim/college/graphics/build/CMakeFiles/CMakeTmp'
Building C object CMakeFiles/cmTC_4e870.dir/CheckFunctionExists.c.o
/usr/bin/cc   -DCHECK_FUNCTION_EXISTS=pthread_create   -o CMakeFiles/cmTC_4e870.dir/CheckFunctionExists.c.o   -c /usr/share/cmake-3.15/Modules/CheckFunctionExists.c
Linking C executable cmTC_4e870
/usr/bin/cmake -E cmake_link_script CMakeFiles/cmTC_4e870.dir/link.txt --verbose=1
/usr/bin/cc  -DCHECK_FUNCTION_EXISTS=pthread_create    -rdynamic CMakeFiles/cmTC_4e870.dir/CheckFunctionExists.c.o  -o cmTC_4e870 -lpthread 
make[1]: Leaving directory '/home/jim/college/graphics/build/CMakeFiles/CMakeTmp'



Determining if the function XOpenDisplay exists in the /usr/lib/libX11.so;/usr/lib/libXext.so passed with the following output:
Change Dir: /home/jim/college/graphics/build/CMakeFiles/CMakeTmp

Run Build Command(s):/usr/bin/make cmTC_d9c33/fast && /usr/bin/make -f CMakeFiles/cmTC_d9c33.dir/build.make CMakeFiles/cmTC_d9c33.dir/build
make[1]: Entering directory '/home/jim/college/graphics/build/CMakeFiles/CMakeTmp'
Building C object CMakeFiles/cmTC_d9c33.dir/CheckFunctionExists.c.o
/usr/bin/cc   -DCHECK_FUNCTION_EXISTS=XOpenDisplay   -o CMakeFiles/cmTC_d9c33.dir/CheckFunctionExists.c.o   -c /usr/share/cmake-3.15/Modules/CheckFunctionExists.c
Linking C executable cmTC_d9c33
/usr/bin/cmake -E cmake_link_script CMakeFiles/cmTC_d9c33.dir/link.txt --verbose=1
/usr/bin/cc  -DCHECK_FUNCTION_EXISTS=XOpenDisplay    -rdynamic CMakeFiles/cmTC_d9c33.dir/CheckFunctionExists.c.o  -o cmTC_d9c33 /usr/lib/libX11.so /usr/lib/libXext.so 
make[1]: Leaving directory '/home/jim/college/graphics/build/CMakeFiles/CMakeTmp'



Determining if the function gethostbyname exists passed with the following output:
Change Dir: /home/jim/college/graphics/build/CMakeFiles/CMakeTmp

Run Build Command(s):/usr/bin/make cmTC_8ffb9/fast && /usr/bin/make -f CMakeFiles/cmTC_8ffb9.dir/build.make CMakeFiles/cmTC_8ffb9.dir/build
make[1]: Entering directory '/home/jim/college/graphics/build/CMakeFiles/CMakeTmp'
Building C object CMakeFiles/cmTC_8ffb9.dir/CheckFunctionExists.c.o
/usr/bin/cc   -DCHECK_FUNCTION_EXISTS=gethostbyname   -o CMakeFiles/cmTC_8ffb9.dir/CheckFunctionExists.c.o   -c /usr/share/cmake-3.15/Modules/CheckFunctionExists.c
Linking C executable cmTC_8ffb9
/usr/bin/cmake -E cmake_link_script CMakeFiles/cmTC_8ffb9.dir/link.txt --verbose=1
/usr/bin/cc  -DCHECK_FUNCTION_EXISTS=gethostbyname    -rdynamic CMakeFiles/cmTC_8ffb9.dir/CheckFunctionExists.c.o  -o cmTC_8ffb9 
make[1]: Leaving directory '/home/jim/college/graphics/build/CMakeFiles/CMakeTmp'



Determining if the function connect exists passed with the following output:
Change Dir: /home/jim/college/graphics/build/CMakeFiles/CMakeTmp

Run Build Command(s):/usr/bin/make cmTC_3aa30/fast && /usr/bin/make -f CMakeFiles/cmTC_3aa30.dir/build.make CMakeFiles/cmTC_3aa30.dir/build
make[1]: Entering directory '/home/jim/college/graphics/build/CMakeFiles/CMakeTmp'
Building C object CMakeFiles/cmTC_3aa30.dir/CheckFunctionExists.c.o
/usr/bin/cc   -DCHECK_FUNCTION_EXISTS=connect   -o CMakeFiles/cmTC_3aa30.dir/CheckFunctionExists.c.o   -c /usr/share/cmake-3.15/Modules/CheckFunctionExists.c
Linking C executable cmTC_3aa30
/usr/bin/cmake -E cmake_link_script CMakeFiles/cmTC_3aa30.dir/link.txt --verbose=1
/usr/bin/cc  -DCHECK_FUNCTION_EXISTS=connect    -rdynamic CMakeFiles/cmTC_3aa30.dir/CheckFunctionExists.c.o  -o cmTC_3aa30 
make[1]: Leaving directory '/home/jim/college/graphics/build/CMakeFiles/CMakeTmp'



Determining if the function remove exists passed with the following output:
Change Dir: /home/jim/college/graphics/build/CMakeFiles/CMakeTmp

Run Build Command(s):/usr/bin/make cmTC_8fe00/fast && /usr/bin/make -f CMakeFiles/cmTC_8fe00.dir/build.make CMakeFiles/cmTC_8fe00.dir/build
make[1]: Entering directory '/home/jim/college/graphics/build/CMakeFiles/CMakeTmp'
Building C object CMakeFiles/cmTC_8fe00.dir/CheckFunctionExists.c.o
/usr/bin/cc   -DCHECK_FUNCTION_EXISTS=remove   -o CMakeFiles/cmTC_8fe00.dir/CheckFunctionExists.c.o   -c /usr/share/cmake-3.15/Modules/CheckFunctionExists.c
Linking C executable cmTC_8fe00
/usr/bin/cmake -E cmake_link_script CMakeFiles/cmTC_8fe00.dir/link.txt --verbose=1
/usr/bin/cc  -DCHECK_FUNCTION_EXISTS=remove    -rdynamic CMakeFiles/cmTC_8fe00.dir/CheckFunctionExists.c.o  -o cmTC_8fe00 
make[1]: Leaving directory '/home/jim/college/graphics/build/CMakeFiles/CMakeTmp'



Determining if the function shmat exists passed with the following output:
Change Dir: /home/jim/college/graphics/build/CMakeFiles/CMakeTmp

Run Build Command(s):/usr/bin/make cmTC_38bcb/fast && /usr/bin/make -f CMakeFiles/cmTC_38bcb.dir/build.make CMakeFiles/cmTC_38bcb.dir/build
make[1]: Entering directory '/home/jim/college/graphics/build/CMakeFiles/CMakeTmp'
Building C object CMakeFiles/cmTC_38bcb.dir/CheckFunctionExists.c.o
/usr/bin/cc   -DCHECK_FUNCTION_EXISTS=shmat   -o CMakeFiles/cmTC_38bcb.dir/CheckFunctionExists.c.o   -c /usr/share/cmake-3.15/Modules/CheckFunctionExists.c
Linking C executable cmTC_38bcb
/usr/bin/cmake -E cmake_link_script CMakeFiles/cmTC_38bcb.dir/link.txt --verbose=1
/usr/bin/cc  -DCHECK_FUNCTION_EXISTS=shmat    -rdynamic CMakeFiles/cmTC_38bcb.dir/CheckFunctionExists.c.o  -o cmTC_38bcb 
make[1]: Leaving directory '/home/jim/college/graphics/build/CMakeFiles/CMakeTmp'



Determining if the function IceConnectionNumber exists in the ICE passed with the following output:
Change Dir: /home/jim/college/graphics/build/CMakeFiles/CMakeTmp

Run Build Command(s):/usr/bin/make cmTC_a2dca/fast && /usr/bin/make -f CMakeFiles/cmTC_a2dca.dir/build.make CMakeFiles/cmTC_a2dca.dir/build
make[1]: Entering directory '/home/jim/college/graphics/build/CMakeFiles/CMakeTmp'
Building C object CMakeFiles/cmTC_a2dca.dir/CheckFunctionExists.c.o
/usr/bin/cc   -DCHECK_FUNCTION_EXISTS=IceConnectionNumber   -o CMakeFiles/cmTC_a2dca.dir/CheckFunctionExists.c.o   -c /usr/share/cmake-3.15/Modules/CheckFunctionExists.c
Linking C executable cmTC_a2dca
/usr/bin/cmake -E cmake_link_script CMakeFiles/cmTC_a2dca.dir/link.txt --verbose=1
/usr/bin/cc  -DCHECK_FUNCTION_EXISTS=IceConnectionNumber    -rdynamic CMakeFiles/cmTC_a2dca.dir/CheckFunctionExists.c.o  -o cmTC_a2dca -lICE 
make[1]: Leaving directory '/home/jim/college/graphics/build/CMakeFiles/CMakeTmp'



Determining if the include file sys/types.h exists passed with the following output:
Change Dir: /home/jim/college/graphics/build/CMakeFiles/CMakeTmp

Run Build Command(s):/usr/bin/make cmTC_1a7a1/fast && /usr/bin/make -f CMakeFiles/cmTC_1a7a1.dir/build.make CMakeFiles/cmTC_1a7a1.dir/build
make[1]: Entering directory '/home/jim/college/graphics/build/CMakeFiles/CMakeTmp'
Building C object CMakeFiles/cmTC_1a7a1.dir/CheckIncludeFile.c.o
/usr/bin/cc    -o CMakeFiles/cmTC_1a7a1.dir/CheckIncludeFile.c.o   -c /home/jim/college/graphics/build/CMakeFiles/CMakeTmp/CheckIncludeFile.c
Linking C executable cmTC_1a7a1
/usr/bin/cmake -E cmake_link_script CMakeFiles/cmTC_1a7a1.dir/link.txt --verbose=1
/usr/bin/cc      -rdynamic CMakeFiles/cmTC_1a7a1.dir/CheckIncludeFile.c.o  -o cmTC_1a7a1 
make[1]: Leaving directory '/home/jim/college/graphics/build/CMakeFiles/CMakeTmp'



Determining if the include file stdint.h exists passed with the following output:
Change Dir: /home/jim/college/graphics/build/CMakeFiles/CMakeTmp

Run Build Command(s):/usr/bin/make cmTC_52bcc/fast && /usr/bin/make -f CMakeFiles/cmTC_52bcc.dir/build.make CMakeFiles/cmTC_52bcc.dir/build
make[1]: Entering directory '/home/jim/college/graphics/build/CMakeFiles/CMakeTmp'
Building C object CMakeFiles/cmTC_52bcc.dir/CheckIncludeFile.c.o
/usr/bin/cc    -o CMakeFiles/cmTC_52bcc.dir/CheckIncludeFile.c.o   -c /home/jim/college/graphics/build/CMakeFiles/CMakeTmp/CheckIncludeFile.c
Linking C executable cmTC_52bcc
/usr/bin/cmake -E cmake_link_script CMakeFiles/cmTC_52bcc.dir/link.txt --verbose=1
/usr/bin/cc      -rdynamic CMakeFiles/cmTC_52bcc.dir/CheckIncludeFile.c.o  -o cmTC_52bcc 
make[1]: Leaving directory '/home/jim/college/graphics/build/CMakeFiles/CMakeTmp'



Determining if the include file stddef.h exists passed with the following output:
Change Dir: /home/jim/college/graphics/build/CMakeFiles/CMakeTmp

Run Build Command(s):/usr/bin/make cmTC_5bcc2/fast && /usr/bin/make -f CMakeFiles/cmTC_5bcc2.dir/build.make CMakeFiles/cmTC_5bcc2.dir/build
make[1]: Entering directory '/home/jim/college/graphics/build/CMakeFiles/CMakeTmp'
Building C object CMakeFiles/cmTC_5bcc2.dir/CheckIncludeFile.c.o
/usr/bin/cc    -o CMakeFiles/cmTC_5bcc2.dir/CheckIncludeFile.c.o   -c /home/jim/college/graphics/build/CMakeFiles/CMakeTmp/CheckIncludeFile.c
Linking C executable cmTC_5bcc2
/usr/bin/cmake -E cmake_link_script CMakeFiles/cmTC_5bcc2.dir/link.txt --verbose=1
/usr/bin/cc      -rdynamic CMakeFiles/cmTC_5bcc2.dir/CheckIncludeFile.c.o  -o cmTC_5bcc2 
make[1]: Leaving directory '/home/jim/college/graphics/build/CMakeFiles/CMakeTmp'



Determining size of off64_t passed with the following output:
Change Dir: /home/jim/college/graphics/build/CMakeFiles/CMakeTmp

Run Build Command(s):/usr/bin/make cmTC_20c6f/fast && /usr/bin/make -f CMakeFiles/cmTC_20c6f.dir/build.make CMakeFiles/cmTC_20c6f.dir/build
make[1]: Entering directory '/home/jim/college/graphics/build/CMakeFiles/CMakeTmp'
Building C object CMakeFiles/cmTC_20c6f.dir/OFF64_T.c.o
/usr/bin/cc -DHAVE_STDDEF_H -DHAVE_STDINT_H -DHAVE_SYS_TYPES_H -D_LARGEFILE64_SOURCE=1   -o CMakeFiles/cmTC_20c6f.dir/OFF64_T.c.o   -c /home/jim/college/graphics/build/CMakeFiles/CheckTypeSize/OFF64_T.c
Linking C executable cmTC_20c6f
/usr/bin/cmake -E cmake_link_script CMakeFiles/cmTC_20c6f.dir/link.txt --verbose=1
/usr/bin/cc      -rdynamic CMakeFiles/cmTC_20c6f.dir/OFF64_T.c.o  -o cmTC_20c6f 
make[1]: Leaving directory '/home/jim/college/graphics/build/CMakeFiles/CMakeTmp'



Determining if the function fseeko exists passed with the following output:
Change Dir: /home/jim/college/graphics/build/CMakeFiles/CMakeTmp

Run Build Command(s):/usr/bin/make cmTC_fad81/fast && /usr/bin/make -f CMakeFiles/cmTC_fad81.dir/build.make CMakeFiles/cmTC_fad81.dir/build
make[1]: Entering directory '/home/jim/college/graphics/build/CMakeFiles/CMakeTmp'
Building C object CMakeFiles/cmTC_fad81.dir/CheckFunctionExists.c.o
/usr/bin/cc   -DCHECK_FUNCTION_EXISTS=fseeko   -o CMakeFiles/cmTC_fad81.dir/CheckFunctionExists.c.o   -c /usr/share/cmake-3.15/Modules/CheckFunctionExists.c
Linking C executable cmTC_fad81
/usr/bin/cmake -E cmake_link_script CMakeFiles/cmTC_fad81.dir/link.txt --verbose=1
/usr/bin/cc  -DCHECK_FUNCTION_EXISTS=fseeko    -rdynamic CMakeFiles/cmTC_fad81.dir/CheckFunctionExists.c.o  -o cmTC_fad81 
make[1]: Leaving directory '/home/jim/college/graphics/build/CMakeFiles/CMakeTmp'



Determining if the include file unistd.h exists passed with the following output:
Change Dir: /home/jim/college/graphics/build/CMakeFiles/CMakeTmp

Run Build Command(s):/usr/bin/make cmTC_fc61c/fast && /usr/bin/make -f CMakeFiles/cmTC_fc61c.dir/build.make CMakeFiles/cmTC_fc61c.dir/build
make[1]: Entering directory '/home/jim/college/graphics/build/CMakeFiles/CMakeTmp'
Building C object CMakeFiles/cmTC_fc61c.dir/CheckIncludeFile.c.o
/usr/bin/cc    -o CMakeFiles/cmTC_fc61c.dir/CheckIncludeFile.c.o   -c /home/jim/college/graphics/build/CMakeFiles/CMakeTmp/CheckIncludeFile.c
Linking C executable cmTC_fc61c
/usr/bin/cmake -E cmake_link_script CMakeFiles/cmTC_fc61c.dir/link.txt --verbose=1
/usr/bin/cc      -rdynamic CMakeFiles/cmTC_fc61c.dir/CheckIncludeFile.c.o  -o cmTC_fc61c 
make[1]: Leaving directory '/home/jim/college/graphics/build/CMakeFiles/CMakeTmp'



